#
# A fatal error has been detected by the Java Runtime Environment:
#
#  EXCEPTION_ACCESS_VIOLATION (0xc0000005) at pc=0x00007ffd85b826c4, pid=1648, tid=17660
#
# JRE version: OpenJDK Runtime Environment (24.0.1+9) (build 24.0.1+9-30)
# Java VM: OpenJDK 64-Bit Server VM (24.0.1+9-30, mixed mode, sharing, tiered, compressed oops, compressed class ptrs, g1 gc, windows-amd64)
# Problematic frame:
# C  [libasyncProfiler.dll+0x926c4]
#
# No core dump will be written. Minidumps are not enabled by default on client versions of Windows
#
# JFR recording file will be written. Location: C:\Users\Dell\IdeaProjects\signup-flow-automation\hs_err_pid1648.jfr
#
# If you would like to submit a bug report, please visit:
#   https://bugreport.java.com/bugreport/crash.jsp
# The crash happened outside the Java Virtual Machine in native code.
# See problematic frame for where to report the bug.
#

---------------  S U M M A R Y ------------

Command Line: -javaagent:C:\Users\Dell\AppData\Local\JetBrains\IntelliJIdea2025.1\captureAgent\debugger-agent.jar=file:///C:/Users/Dell/AppData/Local/Temp/capture7356832512302604316.props -ea -Didea.test.cyclic.buffer.size=1048576 -javaagent:C:\Program Files\JetBrains\IntelliJ IDEA 2025.1.2\lib\idea_rt.jar=58916 -Dkotlinx.coroutines.debug.enable.creation.stack.trace=false -Ddebugger.agent.enable.coroutines=true -Dkotlinx.coroutines.debug.enable.flows.stack.trace=true -Dkotlinx.coroutines.debug.enable.mutable.state.flows.stack.trace=true -Dfile.encoding=UTF-8 -Dsun.stdout.encoding=UTF-8 -Dsun.stderr.encoding=UTF-8 com.intellij.rt.junit.JUnitStarter -ideVersion5 -junit4 runners.TestRunner

Host: Intel(R) Core(TM) i3-4005U CPU @ 1.70GHz, 4 cores, 3G,  Windows 10 , 64 bit Build 18362 (10.0.18362.86)
Time: Wed Jun 11 12:43:01 2025 India Standard Time elapsed time: 2.772439 seconds (0d 0h 0m 2s)

---------------  T H R E A D  ---------------

Current thread (0x0000024277423250):  JavaThread "Attach Listener" daemon [_thread_in_native, id=17660, stack(0x000000ea76700000,0x000000ea76800000) (1024K)]

Stack: [0x000000ea76700000,0x000000ea76800000],  sp=0x000000ea767ff240,  free space=1020k
Native frames: (J=compiled Java code, j=interpreted, Vv=VM code, C=native code)
C  [libasyncProfiler.dll+0x926c4]  (no source info available)
C  [libasyncProfiler.dll+0x92b9b]  (no source info available)
C  [libasyncProfiler.dll+0x917f4]  (no source info available)
C  [libasyncProfiler.dll+0x9206a]  (no source info available)
C  [libasyncProfiler.dll+0x8cc21]  (no source info available)
C  [libasyncProfiler.dll+0x7e5e1]  (no source info available)
C  [libasyncProfiler.dll+0x7d2f8]  (no source info available)
C  [libasyncProfiler.dll+0x7d1e0]  (no source info available)
C  [libasyncProfiler.dll+0x841b9]  (no source info available)
V  [jvm.dll+0x57eff7]  (no source info available)
V  [jvm.dll+0x57fdac]  (no source info available)
V  [jvm.dll+0x14ca17]  (no source info available)
V  [jvm.dll+0x14dfe1]  (no source info available)
V  [jvm.dll+0x42f456]  (no source info available)
V  [jvm.dll+0x87d76b]  (no source info available)
V  [jvm.dll+0x72ee55]  (no source info available)
C  [ucrtbase.dll+0x1d912]  (no source info available)
C  [KERNEL32.DLL+0x17bd4]  (no source info available)
C  [ntdll.dll+0x6ce71]  (no source info available)


siginfo: EXCEPTION_ACCESS_VIOLATION (0xc0000005), reading address 0xffffffffffffffff


Registers:
RAX=0x0000000000000010, RBX=0x0000000000000000, RCX=0xffffffffffffffff, RDX=0x007ffd74cc300010
RSP=0x000000ea767ff240, RBP=0x0000024255602a40, RSI=0x000000ea767ff3b0, RDI=0x0000024255602a40
R8 =0x0000000000000042, R9 =0x00000000c3b4ec08, R10=0x00007ffd74f39fb0, R11=0x0000000000000006
R12=0x000000ea767ff3b0, R13=0x0000024255324a70, R14=0x0000024277423618, R15=0x0000024277423618
RIP=0x00007ffd85b826c4, EFLAGS=0x0000000000010202

XMM[0]=0x0000000000000000 0x0000000000000000
XMM[1]=0x0000000000000000 0x0000000000000000
XMM[2]=0x0000000000000000 0x0000000000000000
XMM[3]=0x0000000000000000 0x0000000000000000
XMM[4]=0x0000000000000000 0x0000000000000000
XMM[5]=0x0000000000000000 0x0000000000000000
XMM[6]=0x0000000000000000 0x0000000000000000
XMM[7]=0x0000000000000000 0x0000000000000000
XMM[8]=0x0000000000000000 0x0000000000000000
XMM[9]=0x0000000000000000 0x0000000000000000
XMM[10]=0x0000000000000000 0x0000000000000000
XMM[11]=0x0000000000000000 0x0000000000000000
XMM[12]=0x0000000000000000 0x0000000000000000
XMM[13]=0x0000000000000000 0x0000000000000000
XMM[14]=0x0000000000000000 0x0000000000000000
XMM[15]=0x0000000000000000 0x0000000000000000
  MXCSR=0x00001fa0


Register to memory mapping:

RAX=0x0000000000000010 is an unknown value
RBX=0x0 is null
RCX=0xffffffffffffffff is an unknown value
RDX=0x007ffd74cc300010 is an unknown value
RSP=0x000000ea767ff240 is pointing into the stack for thread: 0x0000024277423250
RBP=0x0000024255602a40 points into unknown readable memory: 0x00000000c1e13f00 | 00 3f e1 c1 00 00 00 00
RSI=0x000000ea767ff3b0 is pointing into the stack for thread: 0x0000024277423250
RDI=0x0000024255602a40 points into unknown readable memory: 0x00000000c1e13f00 | 00 3f e1 c1 00 00 00 00
R8 =0x0000000000000042 is an unknown value
R9 =0x00000000c3b4ec08 is an oop: java.lang.Thread 
{0x00000000c3b4ec08} - klass: 'java/lang/Thread' - flags: 

 - ---- fields (total size 14 words):
 - 'threadLocalRandomProbe' 'I' @12  0 (0x00000000)
 - private volatile 'eetop' 'J' @16  2484288609952 (0x000002426b23dea0)
 - private final 'tid' 'J' @24  3 (0x0000000000000003)
 - 'threadLocalRandomSeed' 'J' @32  0 (0x0000000000000000)
 - injected 'jvmti_thread_state' 'J' @40  2483900868608 (0x0000024254076800)
 - 'threadLocalRandomSecondarySeed' 'I' @48  0 (0x00000000)
 - injected 'jvmti_VTMS_transition_disable_count' 'I' @52  0 (0x00000000)
 - injected 'jfr_epoch' 'S' @56  0 (0x0000)
 - volatile 'interrupted' 'Z' @58  false (0x00)
 - injected 'jvmti_is_in_VTMS_transition' 'Z' @59  false (0x00)
 - private volatile 'name' 'Ljava/lang/String;' @60  "main"{0x00000000c3b4ec78} (0xc3b4ec78)
 - private volatile 'contextClassLoader' 'Ljava/lang/ClassLoader;' @64  a 'jdk/internal/loader/ClassLoaders$AppClassLoader'{0x00000000c3b10128} (0xc3b10128)
 - private final 'holder' 'Ljava/lang/Thread$FieldHolder;' @68  a 'java/lang/Thread$FieldHolder'{0x00000000c3b4eca8} (0xc3b4eca8)
 - 'threadLocals' 'Ljava/lang/ThreadLocal$ThreadLocalMap;' @72  a 'java/lang/ThreadLocal$ThreadLocalMap'{0x00000000c3b4edc0} (0xc3b4edc0)
 - 'inheritableThreadLocals' 'Ljava/lang/ThreadLocal$ThreadLocalMap;' @76  null (0x00000000)
 - private 'scopedValueBindings' 'Ljava/lang/Object;' @80  a 'java/lang/Class'{0x00000000ffe7c258} = 'java/lang/Thread' (0xffe7c258)
 - final 'interruptLock' 'Ljava/lang/Object;' @84  a 'java/lang/Object'{0x00000000c3b4f040} (0xc3b4f040)
 - private volatile 'parkBlocker' 'Ljava/lang/Object;' @88  null (0x00000000)
 - private 'nioBlocker' 'Lsun/nio/ch/Interruptible;' @92  null (0x00000000)
 - private 'cont' 'Ljdk/internal/vm/Continuation;' @96  null (0x00000000)
 - private volatile 'uncaughtExceptionHandler' 'Ljava/lang/Thread$UncaughtExceptionHandler;' @100  null (0x00000000)
 - private 'container' 'Ljdk/internal/vm/ThreadContainer;' @104  null (0x00000000)
 - private volatile 'headStackableScopes' 'Ljdk/internal/vm/StackableScope;' @108  null (0x00000000)
R10=0x00007ffd74f39fb0 jvm.dll
R11=0x0000000000000006 is an unknown value
R12=0x000000ea767ff3b0 is pointing into the stack for thread: 0x0000024277423250
R13=0x0000024255324a70 points into unknown readable memory: 0x00007ffd74eaa510 | 10 a5 ea 74 fd 7f 00 00
R14=0x0000024277423618 points into unknown readable memory: 0x00007ffd74ea17b0 | b0 17 ea 74 fd 7f 00 00
R15=0x0000024277423618 points into unknown readable memory: 0x00007ffd74ea17b0 | b0 17 ea 74 fd 7f 00 00

Top of Stack: (sp=0x000000ea767ff240)
0x000000ea767ff240:   000000ea767ff3b0 0000024255602a40   ...v....@*`UB...
0x000000ea767ff250:   0000000000000000 00000242774239a0   .........9BwB...
0x000000ea767ff260:   000000000000001f 00007ffd85b82b9b   .........+......
0x000000ea767ff270:   0000000000000000 0000024277423618   .........6BwB...
0x000000ea767ff280:   000000ea767ff301 0000000000000000   ...v............
0x000000ea767ff290:   00000242578772f0 00007ffd85b817f4   .r.WB...........
0x000000ea767ff2a0:   0000000000000000 000000000000001f   ................
0x000000ea767ff2b0:   0000000000000000 000000000000001f   ................
0x000000ea767ff2c0:   0000000c000000c0 0000024257a53690   .........6.WB...
0x000000ea767ff2d0:   00000242578772f0 000002425787736c   .r.WB...ls.WB...
0x000000ea767ff2e0:   0000024257877398 000000000000398c   .s.WB....9......
0x000000ea767ff2f0:   0000000000000000 0000000000000000   ................
0x000000ea767ff300:   0000000000000000 00007ffd747057d4   .........Wpt....
0x000000ea767ff310:   00007ffd85cc4ca0 0000000000000670   .L......p.......
0x000000ea767ff320:   00007ffd85cc4ca0 00000000ffffffff   .L..............
0x000000ea767ff330:   0000000000000000 00007ffd85b8206a   ........j ......
0x000000ea767ff340:   0000024277423618 0000000000000000   .6BwB...........
0x000000ea767ff350:   000000ea767ff3b9 0000024255324a70   ...v....pJ2UB...
0x000000ea767ff360:   0000000000000003 0000000000000048   ........H.......
0x000000ea767ff370:   0000000800800390 0000000000000020   ........ .......
0x000000ea767ff380:   0000024277423618 00007ffd85cc4ca0   .6BwB....L......
0x000000ea767ff390:   0000024277407d70 0000024254076800   p}@wB....h.TB...
0x000000ea767ff3a0:   0000000800800390 0000024277423618   .........6BwB...
0x000000ea767ff3b0:   0000024254b2ddf0 0000024254b2e1d0   ...TB......TB...
0x000000ea767ff3c0:   0000024254b2e1d0 00007ffd85cc4ca0   ...TB....L......
0x000000ea767ff3d0:   000000ea767ff480 0000024268f10000   ...v.......hB...
0x000000ea767ff3e0:   000000ea767ff680 0000000000008840   ...v....@.......
0x000000ea767ff3f0:   000000ea767ff860 00007ffd85cc4cf0   `..v.....L......
0x000000ea767ff400:   0000000000989680 0000000000989680   ................
0x000000ea767ff410:   000000ea767ff520 00007ffd85b7cc21    ..v....!.......
0x000000ea767ff420:   00007ffd85cc4ca0 00007ffd85cc4cf8   .L.......L......
0x000000ea767ff430:   00007ffd00000000 00007ffd00000001   ................

Instructions: (pc=0x00007ffd85b826c4)
  0x00007ffd85b825c4:   cc cc cc cc cc cc cc cc cc cc cc cc cc cc cc cc
  0x00007ffd85b825d4:   cc cc cc cc cc cc cc cc cc cc cc cc cc cc cc cc
  0x00007ffd85b825e4:   cc cc cc cc cc cc cc cc cc cc cc cc cc cc cc cc
  0x00007ffd85b825f4:   cc cc cc cc cc cc cc cc cc cc cc cc cc cc cc cc
  0x00007ffd85b82604:   cc cc cc cc cc cc cc cc cc cc cc cc cc cc cc cc
  0x00007ffd85b82614:   cc cc cc cc cc cc cc cc cc cc cc cc cc cc cc cc
  0x00007ffd85b82624:   cc cc cc cc cc cc cc cc cc cc cc cc cc cc cc cc
  0x00007ffd85b82634:   cc cc cc cc cc cc cc cc cc cc cc cc cc cc cc cc
  0x00007ffd85b82644:   cc cc cc cc cc cc cc cc cc cc cc cc 40 57 48 83
  0x00007ffd85b82654:   ec 20 48 8b f9 48 8b 0d 10 28 14 00 48 85 c9 74
  0x00007ffd85b82664:   20 48 8b 01 48 8d 54 24 38 41 b8 06 00 01 00 4c
  0x00007ffd85b82674:   8b 48 30 41 ff d1 85 c0 75 07 48 8b 4c 24 38 eb
  0x00007ffd85b82684:   02 33 c9 4c 8b 05 ea 28 14 00 48 89 5c 24 30 4d
  0x00007ffd85b82694:   85 c0 74 4a 48 8b 01 48 8b d7 4c 8b 88 28 03 00
  0x00007ffd85b826a4:   00 41 ff d1 48 85 c0 74 35 48 63 0d f8 e6 13 00
  0x00007ffd85b826b4:   48 8b 14 01 48 85 d2 74 15 48 63 05 fc e6 13 00
=>0x00007ffd85b826c4:   8b 04 10 48 8b 5c 24 30 48 83 c4 20 5f c3 b8 ff
  0x00007ffd85b826d4:   ff ff ff 48 8b 5c 24 30 48 83 c4 20 5f c3 80 3d
  0x00007ffd85b826e4:   9b 27 14 00 00 bb ff ff ff ff 74 20 4c 8b 0d 31
  0x00007ffd85b826f4:   24 14 00 4c 8d 44 24 38 48 8b 0d 15 24 14 00 48
  0x00007ffd85b82704:   8b d7 41 ff d1 85 c0 0f 44 5c 24 38 8b c3 48 8b
  0x00007ffd85b82714:   5c 24 30 48 83 c4 20 5f c3 cc cc cc cc cc cc cc
  0x00007ffd85b82724:   cc cc cc cc cc cc cc cc cc cc cc cc cc cc cc cc
  0x00007ffd85b82734:   cc cc cc cc cc cc cc cc cc cc cc cc cc cc cc cc
  0x00007ffd85b82744:   cc cc cc cc cc cc cc cc cc cc cc cc 48 89 54 24
  0x00007ffd85b82754:   10 53 55 56 57 41 56 41 57 48 83 ec 28 48 8b f2
  0x00007ffd85b82764:   4c 8b f1 48 89 4c 24 78 45 33 ff 44 89 7c 24 68
  0x00007ffd85b82774:   c7 44 24 60 01 00 00 00 48 8d 4c 24 68 e8 ed 42
  0x00007ffd85b82784:   f7 ff 8b d8 48 8d 4c 24 60 e8 e1 42 f7 ff 8b e8
  0x00007ffd85b82794:   49 8b ce e8 00 fc f6 ff 48 8b f8 90 8b c3 f0 0f
  0x00007ffd85b827a4:   b1 2f 74 04 f3 90 eb f4 4c 89 3e 4c 89 7e 08 4c
  0x00007ffd85b827b4:   89 7e 10 49 8b 6e 08 4d 8b 76 10 49 3b ee 0f 84


Stack slot to memory mapping:

stack at sp + 0 slots: 0x000000ea767ff3b0 is pointing into the stack for thread: 0x0000024277423250
stack at sp + 1 slots: 0x0000024255602a40 points into unknown readable memory: 0x00000000c1e13f00 | 00 3f e1 c1 00 00 00 00
stack at sp + 2 slots: 0x0 is null
stack at sp + 3 slots: 0x00000242774239a0 points into unknown readable memory: 0x6e616c2e6176616a | 6a 61 76 61 2e 6c 61 6e
stack at sp + 4 slots: 0x000000000000001f is an unknown value
stack at sp + 5 slots: 0x00007ffd85b82b9b libasyncProfiler.dll
stack at sp + 6 slots: 0x0 is null
stack at sp + 7 slots: 0x0000024277423618 points into unknown readable memory: 0x00007ffd74ea17b0 | b0 17 ea 74 fd 7f 00 00

Lock stack of current Java thread (top to bottom):


---------------  P R O C E S S  ---------------

Threads class SMR info:
_java_thread_list=0x0000024257bee380, length=16, elements={
0x000002426b23dea0, 0x0000024277418410, 0x000002427741f350, 0x0000024277420490,
0x0000024277423250, 0x0000024277426da0, 0x00000242774278d0, 0x0000024277428730,
0x0000024277438bc0, 0x00000242541612e0, 0x00000242542a7f20, 0x00000242545f1ef0,
0x000002425460c530, 0x000002425552b5a0, 0x00000242552ab1f0, 0x00000242552ac7e0
}

Java Threads: ( => current thread )
  0x000002426b23dea0 JavaThread "main"                              [_thread_in_vm, id=16520, stack(0x000000ea75c00000,0x000000ea75d00000) (1024K)]
  0x0000024277418410 JavaThread "Reference Handler"          daemon [_thread_blocked, id=6876, stack(0x000000ea76400000,0x000000ea76500000) (1024K)]
  0x000002427741f350 JavaThread "Finalizer"                  daemon [_thread_blocked, id=12956, stack(0x000000ea76500000,0x000000ea76600000) (1024K)]
  0x0000024277420490 JavaThread "Signal Dispatcher"          daemon [_thread_blocked, id=8556, stack(0x000000ea76600000,0x000000ea76700000) (1024K)]
=>0x0000024277423250 JavaThread "Attach Listener"            daemon [_thread_in_native, id=17660, stack(0x000000ea76700000,0x000000ea76800000) (1024K)]
  0x0000024277426da0 JavaThread "Service Thread"             daemon [_thread_blocked, id=13580, stack(0x000000ea76800000,0x000000ea76900000) (1024K)]
  0x00000242774278d0 JavaThread "Monitor Deflation Thread"   daemon [_thread_blocked, id=18788, stack(0x000000ea76900000,0x000000ea76a00000) (1024K)]
  0x0000024277428730 JavaThread "C2 CompilerThread0"         daemon [_thread_in_native, id=17320, stack(0x000000ea76a00000,0x000000ea76b00000) (1024K)]
  0x0000024277438bc0 JavaThread "C1 CompilerThread0"         daemon [_thread_in_native, id=18528, stack(0x000000ea76b00000,0x000000ea76c00000) (1024K)]
  0x00000242541612e0 JavaThread "Common-Cleaner"             daemon [_thread_blocked, id=18700, stack(0x000000ea76c00000,0x000000ea76d00000) (1024K)]
  0x00000242542a7f20 JavaThread "IntelliJ Suspend Helper"    daemon [_thread_blocked, id=7856, stack(0x000000ea76d00000,0x000000ea76e00000) (1024K)]
  0x00000242545f1ef0 JavaThread "Monitor Ctrl-Break"         daemon [_thread_in_native, id=8956, stack(0x000000ea76e00000,0x000000ea76f00000) (1024K)]
  0x000002425460c530 JavaThread "Notification Thread"        daemon [_thread_blocked, id=17692, stack(0x000000ea76f00000,0x000000ea77000000) (1024K)]
  0x000002425552b5a0 JavaThread "RMI TCP Accept-0"           daemon [_thread_in_native, id=15916, stack(0x000000ea77500000,0x000000ea77600000) (1024K)]
  0x00000242552ab1f0 JavaThread "JFR Recorder Thread"        daemon [_thread_in_native, id=9348, stack(0x000000ea77400000,0x000000ea77500000) (1024K)]
  0x00000242552ac7e0 JavaThread "JFR Periodic Tasks"         daemon [_thread_blocked, id=14732, stack(0x000000ea77600000,0x000000ea77700000) (1024K)]
Total: 16

Other Threads:
  0x0000024277413ae0 VMThread "VM Thread"                           [id=912, stack(0x000000ea76300000,0x000000ea76400000) (1024K)]
  0x0000024277406c00 WatcherThread "VM Periodic Task Thread"        [id=9684, stack(0x000000ea76200000,0x000000ea76300000) (1024K)]
  0x000002426b277920 WorkerThread "GC Thread#0"                     [id=17828, stack(0x000000ea75d00000,0x000000ea75e00000) (1024K)]
  0x00000242555921f0 WorkerThread "GC Thread#1"                     [id=9020, stack(0x000000ea77100000,0x000000ea77200000) (1024K)]
  0x0000024255593bc0 WorkerThread "GC Thread#2"                     [id=15384, stack(0x000000ea77200000,0x000000ea77300000) (1024K)]
  0x0000024255593810 WorkerThread "GC Thread#3"                     [id=8828, stack(0x000000ea77300000,0x000000ea77400000) (1024K)]
  0x000002426b2836f0 ConcurrentGCThread "G1 Main Marker"            [id=15876, stack(0x000000ea75e00000,0x000000ea75f00000) (1024K)]
  0x000002426b284110 WorkerThread "G1 Conc#0"                       [id=7572, stack(0x000000ea75f00000,0x000000ea76000000) (1024K)]
  0x000002426b2ee8d0 ConcurrentGCThread "G1 Refine#0"               [id=2980, stack(0x000000ea76000000,0x000000ea76100000) (1024K)]
  0x00000242772d64d0 ConcurrentGCThread "G1 Service"                [id=14000, stack(0x000000ea76100000,0x000000ea76200000) (1024K)]
Total: 10

Threads with active compile tasks:
C2 CompilerThread0  3061 2268       4       jdk.internal.util.ReferencedKeyMap::get (10 bytes)
C1 CompilerThread0  3061 2274       3       sun.util.locale.InternalLocaleBuilder::setLanguageTag (173 bytes)
Total: 2

VM state: not at safepoint (normal execution)

VM Mutex/Monitor currently owned by a thread:  ([mutex/lock_event])
[0x00007ffd74f33030] MethodCompileQueue_lock - owner thread: 0x0000024277438bc0
[0x00007ffd74f34330] CodeCache_lock - owner thread: 0x0000024277438bc0

Heap address: 0x00000000c1800000, size: 1000 MB, Compressed Oops mode: 32-bit

CDS archive(s) mapped at: [0x000002420f000000-0x000002420fd40000-0x000002420fd40000), size 13893632, SharedBaseAddress: 0x000002420f000000, ArchiveRelocationMode: 1.
Compressed class space mapped at: 0x0000024210000000-0x0000024250000000, reserved size: 1073741824
UseCompressedClassPointers 1, UseCompactObjectHeaders 0
Narrow klass pointer bits 32, Max shift 3
Narrow klass base: 0x000002420f000000, Narrow klass shift: 0
Encoding Range: [0x000002420f000000 - 0x000002430f000000), (4294967296 bytes)
Klass Range:    [0x000002420f000000 - 0x0000024250000000), (1090519040 bytes)
Klass ID Range:  [8 - 1090519033) (1090519025)

GC Precious Log:
 CardTable entry size: 512
 Card Set container configuration: InlinePtr #cards 5 size 8 Array Of Cards #cards 10 size 36 Howl #buckets 4 coarsen threshold 1843 Howl Bitmap #cards 512 size 80 coarsen threshold 460 Card regions per heap region 1 cards per card region 2048
 CPUs: 4 total, 4 available
 Memory: 3999M
 Large Page Support: Disabled
 NUMA Support: Disabled
 Compressed Oops: Enabled (32-bit)
 Heap Region Size: 1M
 Heap Min Capacity: 8M
 Heap Initial Capacity: 64M
 Heap Max Capacity: 1000M
 Pre-touch: Disabled
 Parallel Workers: 4
 Concurrent Workers: 1
 Concurrent Refinement Workers: 4
 Periodic GC: Disabled

Heap:
 garbage-first heap   total reserved 1024000K, committed 67584K, used 10471K [0x00000000c1800000, 0x0000000100000000)
  region size 1024K, 4 young (4096K), 3 survivors (3072K)
 Metaspace       used 15269K, committed 15488K, reserved 1114112K
  class space    used 1299K, committed 1408K, reserved 1048576K

Heap Regions: E=young(eden), S=young(survivor), O=old, HS=humongous(starts), HC=humongous(continues), CS=collection set, F=free, TAMS=top-at-mark-start, PB=parsable bottom
|   0|0x00000000c1800000, 0x00000000c1900000, 0x00000000c1900000|100%|HS|  |TAMS 0x00000000c1800000| PB 0x00000000c1800000| Complete |  0
|   1|0x00000000c1900000, 0x00000000c1a00000, 0x00000000c1a00000|100%| O|  |TAMS 0x00000000c1900000| PB 0x00000000c1900000| Untracked |  0
|   2|0x00000000c1a00000, 0x00000000c1b00000, 0x00000000c1b00000|100%| O|  |TAMS 0x00000000c1a00000| PB 0x00000000c1a00000| Untracked |  0
|   3|0x00000000c1b00000, 0x00000000c1c00000, 0x00000000c1c00000|100%| O|  |TAMS 0x00000000c1b00000| PB 0x00000000c1b00000| Untracked |  0
|   4|0x00000000c1c00000, 0x00000000c1d00000, 0x00000000c1d00000|100%| O|  |TAMS 0x00000000c1c00000| PB 0x00000000c1c00000| Untracked |  0
|   5|0x00000000c1d00000, 0x00000000c1e00000, 0x00000000c1e00000|100%| O|  |TAMS 0x00000000c1d00000| PB 0x00000000c1d00000| Untracked |  0
|   6|0x00000000c1e00000, 0x00000000c1eac6e8, 0x00000000c1f00000| 67%| O|  |TAMS 0x00000000c1e00000| PB 0x00000000c1e00000| Untracked |  0
|   7|0x00000000c1f00000, 0x00000000c1f00000, 0x00000000c2000000|  0%| F|  |TAMS 0x00000000c1f00000| PB 0x00000000c1f00000| Untracked |  0
|   8|0x00000000c2000000, 0x00000000c2000000, 0x00000000c2100000|  0%| F|  |TAMS 0x00000000c2000000| PB 0x00000000c2000000| Untracked |  0
|   9|0x00000000c2100000, 0x00000000c2100000, 0x00000000c2200000|  0%| F|  |TAMS 0x00000000c2100000| PB 0x00000000c2100000| Untracked |  0
|  10|0x00000000c2200000, 0x00000000c2200000, 0x00000000c2300000|  0%| F|  |TAMS 0x00000000c2200000| PB 0x00000000c2200000| Untracked |  0
|  11|0x00000000c2300000, 0x00000000c2300000, 0x00000000c2400000|  0%| F|  |TAMS 0x00000000c2300000| PB 0x00000000c2300000| Untracked |  0
|  12|0x00000000c2400000, 0x00000000c2400000, 0x00000000c2500000|  0%| F|  |TAMS 0x00000000c2400000| PB 0x00000000c2400000| Untracked |  0
|  13|0x00000000c2500000, 0x00000000c2500000, 0x00000000c2600000|  0%| F|  |TAMS 0x00000000c2500000| PB 0x00000000c2500000| Untracked |  0
|  14|0x00000000c2600000, 0x00000000c2600000, 0x00000000c2700000|  0%| F|  |TAMS 0x00000000c2600000| PB 0x00000000c2600000| Untracked |  0
|  15|0x00000000c2700000, 0x00000000c2700000, 0x00000000c2800000|  0%| F|  |TAMS 0x00000000c2700000| PB 0x00000000c2700000| Untracked |  0
|  16|0x00000000c2800000, 0x00000000c2800000, 0x00000000c2900000|  0%| F|  |TAMS 0x00000000c2800000| PB 0x00000000c2800000| Untracked |  0
|  17|0x00000000c2900000, 0x00000000c2900000, 0x00000000c2a00000|  0%| F|  |TAMS 0x00000000c2900000| PB 0x00000000c2900000| Untracked |  0
|  18|0x00000000c2a00000, 0x00000000c2a00000, 0x00000000c2b00000|  0%| F|  |TAMS 0x00000000c2a00000| PB 0x00000000c2a00000| Untracked |  0
|  19|0x00000000c2b00000, 0x00000000c2b00000, 0x00000000c2c00000|  0%| F|  |TAMS 0x00000000c2b00000| PB 0x00000000c2b00000| Untracked |  0
|  20|0x00000000c2c00000, 0x00000000c2c00000, 0x00000000c2d00000|  0%| F|  |TAMS 0x00000000c2c00000| PB 0x00000000c2c00000| Untracked |  0
|  21|0x00000000c2d00000, 0x00000000c2d00000, 0x00000000c2e00000|  0%| F|  |TAMS 0x00000000c2d00000| PB 0x00000000c2d00000| Untracked |  0
|  22|0x00000000c2e00000, 0x00000000c2e00000, 0x00000000c2f00000|  0%| F|  |TAMS 0x00000000c2e00000| PB 0x00000000c2e00000| Untracked |  0
|  23|0x00000000c2f00000, 0x00000000c2f00000, 0x00000000c3000000|  0%| F|  |TAMS 0x00000000c2f00000| PB 0x00000000c2f00000| Untracked |  0
|  24|0x00000000c3000000, 0x00000000c3000000, 0x00000000c3100000|  0%| F|  |TAMS 0x00000000c3000000| PB 0x00000000c3000000| Untracked |  0
|  25|0x00000000c3100000, 0x00000000c3100000, 0x00000000c3200000|  0%| F|  |TAMS 0x00000000c3100000| PB 0x00000000c3100000| Untracked |  0
|  26|0x00000000c3200000, 0x00000000c3200000, 0x00000000c3300000|  0%| F|  |TAMS 0x00000000c3200000| PB 0x00000000c3200000| Untracked |  0
|  27|0x00000000c3300000, 0x00000000c3300000, 0x00000000c3400000|  0%| F|  |TAMS 0x00000000c3300000| PB 0x00000000c3300000| Untracked |  0
|  28|0x00000000c3400000, 0x00000000c3400000, 0x00000000c3500000|  0%| F|  |TAMS 0x00000000c3400000| PB 0x00000000c3400000| Untracked |  0
|  29|0x00000000c3500000, 0x00000000c3500000, 0x00000000c3600000|  0%| F|  |TAMS 0x00000000c3500000| PB 0x00000000c3500000| Untracked |  0
|  30|0x00000000c3600000, 0x00000000c3600000, 0x00000000c3700000|  0%| F|  |TAMS 0x00000000c3600000| PB 0x00000000c3600000| Untracked |  0
|  31|0x00000000c3700000, 0x00000000c3700000, 0x00000000c3800000|  0%| F|  |TAMS 0x00000000c3700000| PB 0x00000000c3700000| Untracked |  0
|  32|0x00000000c3800000, 0x00000000c3800000, 0x00000000c3900000|  0%| F|  |TAMS 0x00000000c3800000| PB 0x00000000c3800000| Untracked |  0
|  33|0x00000000c3900000, 0x00000000c3900000, 0x00000000c3a00000|  0%| F|  |TAMS 0x00000000c3900000| PB 0x00000000c3900000| Untracked |  0
|  34|0x00000000c3a00000, 0x00000000c3a00000, 0x00000000c3b00000|  0%| F|  |TAMS 0x00000000c3a00000| PB 0x00000000c3a00000| Untracked |  0
|  35|0x00000000c3b00000, 0x00000000c3b00000, 0x00000000c3c00000|  0%| F|  |TAMS 0x00000000c3b00000| PB 0x00000000c3b00000| Untracked |  0
|  36|0x00000000c3c00000, 0x00000000c3c00000, 0x00000000c3d00000|  0%| F|  |TAMS 0x00000000c3c00000| PB 0x00000000c3c00000| Untracked |  0
|  37|0x00000000c3d00000, 0x00000000c3d715e0, 0x00000000c3e00000| 44%| S|CS|TAMS 0x00000000c3d00000| PB 0x00000000c3d00000| Complete |  0
|  38|0x00000000c3e00000, 0x00000000c3f00000, 0x00000000c3f00000|100%| S|CS|TAMS 0x00000000c3e00000| PB 0x00000000c3e00000| Complete |  0
|  39|0x00000000c3f00000, 0x00000000c4000000, 0x00000000c4000000|100%| S|CS|TAMS 0x00000000c3f00000| PB 0x00000000c3f00000| Complete |  0
|  40|0x00000000c4000000, 0x00000000c4000000, 0x00000000c4100000|  0%| F|  |TAMS 0x00000000c4000000| PB 0x00000000c4000000| Untracked |  0
|  41|0x00000000c4100000, 0x00000000c4100000, 0x00000000c4200000|  0%| F|  |TAMS 0x00000000c4100000| PB 0x00000000c4100000| Untracked |  0
|  42|0x00000000c4200000, 0x00000000c4200000, 0x00000000c4300000|  0%| F|  |TAMS 0x00000000c4200000| PB 0x00000000c4200000| Untracked |  0
|  43|0x00000000c4300000, 0x00000000c4300000, 0x00000000c4400000|  0%| F|  |TAMS 0x00000000c4300000| PB 0x00000000c4300000| Untracked |  0
|  44|0x00000000c4400000, 0x00000000c4400000, 0x00000000c4500000|  0%| F|  |TAMS 0x00000000c4400000| PB 0x00000000c4400000| Untracked |  0
|  45|0x00000000c4500000, 0x00000000c4500000, 0x00000000c4600000|  0%| F|  |TAMS 0x00000000c4500000| PB 0x00000000c4500000| Untracked |  0
|  46|0x00000000c4600000, 0x00000000c4600000, 0x00000000c4700000|  0%| F|  |TAMS 0x00000000c4600000| PB 0x00000000c4600000| Untracked |  0
|  47|0x00000000c4700000, 0x00000000c4700000, 0x00000000c4800000|  0%| F|  |TAMS 0x00000000c4700000| PB 0x00000000c4700000| Untracked |  0
|  48|0x00000000c4800000, 0x00000000c4800000, 0x00000000c4900000|  0%| F|  |TAMS 0x00000000c4800000| PB 0x00000000c4800000| Untracked |  0
|  49|0x00000000c4900000, 0x00000000c4900000, 0x00000000c4a00000|  0%| F|  |TAMS 0x00000000c4900000| PB 0x00000000c4900000| Untracked |  0
|  50|0x00000000c4a00000, 0x00000000c4a00000, 0x00000000c4b00000|  0%| F|  |TAMS 0x00000000c4a00000| PB 0x00000000c4a00000| Untracked |  0
|  51|0x00000000c4b00000, 0x00000000c4b00000, 0x00000000c4c00000|  0%| F|  |TAMS 0x00000000c4b00000| PB 0x00000000c4b00000| Untracked |  0
|  52|0x00000000c4c00000, 0x00000000c4c00000, 0x00000000c4d00000|  0%| F|  |TAMS 0x00000000c4c00000| PB 0x00000000c4c00000| Untracked |  0
|  53|0x00000000c4d00000, 0x00000000c4d00000, 0x00000000c4e00000|  0%| F|  |TAMS 0x00000000c4d00000| PB 0x00000000c4d00000| Untracked |  0
|  54|0x00000000c4e00000, 0x00000000c4e00000, 0x00000000c4f00000|  0%| F|  |TAMS 0x00000000c4e00000| PB 0x00000000c4e00000| Untracked |  0
|  55|0x00000000c4f00000, 0x00000000c4f00000, 0x00000000c5000000|  0%| F|  |TAMS 0x00000000c4f00000| PB 0x00000000c4f00000| Untracked |  0
|  56|0x00000000c5000000, 0x00000000c5000000, 0x00000000c5100000|  0%| F|  |TAMS 0x00000000c5000000| PB 0x00000000c5000000| Untracked |  0
|  57|0x00000000c5100000, 0x00000000c5100000, 0x00000000c5200000|  0%| F|  |TAMS 0x00000000c5100000| PB 0x00000000c5100000| Untracked |  0
|  58|0x00000000c5200000, 0x00000000c5200000, 0x00000000c5300000|  0%| F|  |TAMS 0x00000000c5200000| PB 0x00000000c5200000| Untracked |  0
|  59|0x00000000c5300000, 0x00000000c5300000, 0x00000000c5400000|  0%| F|  |TAMS 0x00000000c5300000| PB 0x00000000c5300000| Untracked |  0
|  60|0x00000000c5400000, 0x00000000c5400000, 0x00000000c5500000|  0%| F|  |TAMS 0x00000000c5400000| PB 0x00000000c5400000| Untracked |  0
|  61|0x00000000c5500000, 0x00000000c5500000, 0x00000000c5600000|  0%| F|  |TAMS 0x00000000c5500000| PB 0x00000000c5500000| Untracked |  0
|  62|0x00000000c5600000, 0x00000000c5600000, 0x00000000c5700000|  0%| F|  |TAMS 0x00000000c5600000| PB 0x00000000c5600000| Untracked |  0
|  63|0x00000000c5700000, 0x00000000c57c3ef0, 0x00000000c5800000| 76%| E|  |TAMS 0x00000000c5700000| PB 0x00000000c5700000| Complete |  0
| 998|0x00000000ffe00000, 0x00000000fff00000, 0x00000000fff00000|100%| O|  |TAMS 0x00000000ffe00000| PB 0x00000000ffe00000| Untracked |  0
| 999|0x00000000fff00000, 0x00000000fff1c288, 0x0000000100000000| 10%| O|  |TAMS 0x00000000fff00000| PB 0x00000000fff00000| Untracked |  0

Card table byte_map: [0x0000024273cd0000,0x0000024273ed0000] _byte_map_base: 0x00000242736c4000

Marking Bits: (CMBitMap*) 0x000002426b278f50
 Bits: [0x0000024273ed0000, 0x0000024274e70000)

Polling page: 0x0000024269270000

Metaspace:

Usage:
  Non-class:     13.65 MB used.
      Class:      1.27 MB used.
       Both:     14.91 MB used.

Virtual space:
  Non-class space:       64.00 MB reserved,      13.75 MB ( 21%) committed,  1 nodes.
      Class space:        1.00 GB reserved,       1.38 MB ( <1%) committed,  1 nodes.
             Both:        1.06 GB reserved,      15.13 MB (  1%) committed. 

Chunk freelists:
   Non-Class:  1.77 MB
       Class:  14.61 MB
        Both:  16.38 MB

MaxMetaspaceSize: unlimited
CompressedClassSpaceSize: 1.00 GB
Initial GC threshold: 21.00 MB
Current GC threshold: 21.00 MB
CDS: on
 - commit_granule_bytes: 65536.
 - commit_granule_words: 8192.
 - virtual_space_node_default_size: 8388608.
 - enlarge_chunks_in_place: 1.
UseCompressedClassPointers 1, UseCompactObjectHeaders 0
Narrow klass pointer bits 32, Max shift 3
Narrow klass base: 0x000002420f000000, Narrow klass shift: 0
Encoding Range: [0x000002420f000000 - 0x000002430f000000), (4294967296 bytes)
Klass Range:    [0x000002420f000000 - 0x0000024250000000), (1090519040 bytes)
Klass ID Range:  [8 - 1090519033) (1090519025)


Internal statistics:

num_allocs_failed_limit: 0.
num_arena_births: 126.
num_arena_deaths: 0.
num_vsnodes_births: 2.
num_vsnodes_deaths: 0.
num_space_committed: 242.
num_space_uncommitted: 0.
num_chunks_returned_to_freelist: 0.
num_chunks_taken_from_freelist: 286.
num_chunk_merges: 0.
num_chunk_splits: 177.
num_chunks_enlarged: 126.
num_inconsistent_stats: 0.

CodeHeap 'non-profiled nmethods': size=120064Kb used=743Kb max_used=743Kb free=119320Kb
 bounds [0x0000024207ac0000, 0x0000024207d30000, 0x000002420f000000]
CodeHeap 'profiled nmethods': size=120000Kb used=3574Kb max_used=3574Kb free=116426Kb
 bounds [0x0000024200000000, 0x0000024200380000, 0x0000024207530000]
CodeHeap 'non-nmethods': size=5696Kb used=1346Kb max_used=1393Kb free=4349Kb
 bounds [0x0000024207530000, 0x00000242077a0000, 0x0000024207ac0000]
CodeCache: size=245760Kb, used=5663Kb, max_used=5710Kb, free=240095Kb
 total_blobs=2793, nmethods=2275, adapters=423, full_count=0
Compilation: enabled, stopped_count=0, restarted_count=0

Compilation events (20 events):
Event: 2.692 Thread 0x0000024277438bc0 nmethod 2165 0x0000024200338308 code [0x0000024200338460, 0x00000242003388d0]
Event: 2.692 Thread 0x0000024277438bc0 2166       3       java.util.Comparator::lambda$comparingLong$6043328a$1 (18 bytes)
Event: 2.692 Thread 0x0000024277438bc0 nmethod 2166 0x0000024200338908 code [0x0000024200338a60, 0x0000024200338e40]
Event: 2.693 Thread 0x0000024255246b30 nmethod 2126 0x0000024207b6e208 code [0x0000024207b6e340, 0x0000024207b6e820]
Event: 2.693 Thread 0x0000024255246b30 2127  s    4       java.io.DataOutputStream::write (14 bytes)
Event: 2.697 Thread 0x0000024277438bc0 2168   !   3       java.util.zip.ZipFile$ZipFileInflaterInputStream::close (67 bytes)
Event: 2.698 Thread 0x0000024277438bc0 nmethod 2168 0x0000024200338e88 code [0x0000024200339040, 0x0000024200339a18]
Event: 2.699 Thread 0x0000024255246b30 nmethod 2127 0x0000024207b6e888 code [0x0000024207b6e9e0, 0x0000024207b6f1c0]
Event: 2.699 Thread 0x0000024255246b30 2167       4       java.lang.StringLatin1::regionMatchesCI (45 bytes)
Event: 2.702 Thread 0x0000024277438bc0 2169       3       java.util.zip.ZipFile$InflaterCleanupAction::run (12 bytes)
Event: 2.703 Thread 0x0000024277438bc0 nmethod 2169 0x0000024200339a88 code [0x0000024200339ba0, 0x0000024200339d00]
Event: 2.703 Thread 0x0000024277438bc0 2170   !   3       java.util.zip.Inflater::reset (64 bytes)
Event: 2.704 Thread 0x0000024277438bc0 nmethod 2170 0x0000024200339d88 code [0x0000024200339ec0, 0x000002420033a2c8]
Event: 2.713 Thread 0x0000024255246b30 nmethod 2167 0x0000024207b6f208 code [0x0000024207b6f300, 0x0000024207b6f5c8]
Event: 2.714 Thread 0x0000024255246b30 2128       4       jdk.jfr.internal.MetadataWriter::writeInt (148 bytes)
Event: 2.733 Thread 0x0000024277438bc0 2171       3       jdk.internal.loader.BuiltinClassLoader::isSealed (71 bytes)
Event: 2.737 Thread 0x0000024277438bc0 nmethod 2171 0x000002420033a308 code [0x000002420033a640, 0x000002420033c508]
Event: 2.739 Thread 0x0000024255246b30 nmethod 2128 0x0000024207b6f608 code [0x0000024207b6f800, 0x0000024207b70f68]
Event: 2.740 Thread 0x0000024255246b30 2134       4       java.util.LinkedHashMap::get (29 bytes)
Event: 2.751 Thread 0x0000024255246b30 nmethod 2134 0x0000024207b71008 code [0x0000024207b71140, 0x0000024207b714a8]

GC Heap History (2 events):
Event: 1.714 GC heap before
{Heap before GC invocations=0 (full 0):
 garbage-first heap   total reserved 1024000K, committed 67584K, used 31856K [0x00000000c1800000, 0x0000000100000000)
  region size 1024K, 28 young (28672K), 0 survivors (0K)
 Metaspace       used 9912K, committed 10048K, reserved 1114112K
  class space    used 819K, committed 896K, reserved 1048576K
}
Event: 1.734 GC heap after
{Heap after GC invocations=1 (full 0):
 garbage-first heap   total reserved 1024000K, committed 67584K, used 7728K [0x00000000c1800000, 0x0000000100000000)
  region size 1024K, 4 young (4096K), 4 survivors (4096K)
 Metaspace       used 9912K, committed 10048K, reserved 1114112K
  class space    used 819K, committed 896K, reserved 1048576K
}

Dll operation events (13 events):
Event: 0.103 Loaded shared library C:\Users\Dell\.jdks\openjdk-24.0.1\bin\java.dll
Event: 0.105 Loaded shared library C:\Users\Dell\.jdks\openjdk-24.0.1\bin\zip.dll
Event: 0.162 Loaded shared library C:\Users\Dell\.jdks\openjdk-24.0.1\bin\jsvml.dll
Event: 0.433 Loaded shared library C:\Users\Dell\.jdks\openjdk-24.0.1\bin\instrument.dll
Event: 0.563 Loaded shared library C:\Users\Dell\.jdks\openjdk-24.0.1\bin\zip.dll
Event: 0.641 Loaded shared library C:\Users\Dell\.jdks\openjdk-24.0.1\bin\jimage.dll
Event: 0.663 Loaded shared library C:\Users\Dell\.jdks\openjdk-24.0.1\bin\net.dll
Event: 0.667 Loaded shared library C:\Users\Dell\.jdks\openjdk-24.0.1\bin\nio.dll
Event: 0.731 Loaded shared library C:\Users\Dell\.jdks\openjdk-24.0.1\bin\verify.dll
Event: 0.747 Loaded shared library C:\Users\Dell\.jdks\openjdk-24.0.1\bin\extnet.dll
Event: 1.077 Loaded shared library C:\Users\Dell\.jdks\openjdk-24.0.1\bin\management.dll
Event: 1.119 Loaded shared library C:\Users\Dell\.jdks\openjdk-24.0.1\bin\management_ext.dll
Event: 2.123 Loaded shared library C:\Users\Dell\AppData\Local\Temp\idea_libasyncProfiler_dll_temp_folder\libasyncProfiler.dll

Deoptimization events (20 events):
Event: 2.671 Thread 0x0000024277423250 Uncommon trap: trap_request=0xffffffc6 fr.pc=0x0000024207b37498 relative=0x00000000000002b8
Event: 2.671 Thread 0x0000024277423250 Uncommon trap: reason=bimorphic_or_optimized_type_check action=maybe_recompile pc=0x0000024207b37498 method=java.util.HashMap.getNode(Ljava/lang/Object;)Ljava/util/HashMap$Node; @ 128 c2
Event: 2.671 Thread 0x0000024277423250 DEOPT PACKING pc=0x0000024207b37498 sp=0x000000ea767fec40
Event: 2.671 Thread 0x0000024277423250 DEOPT UNPACKING pc=0x0000024207641c82 sp=0x000000ea767feb40 mode 2
Event: 2.695 Thread 0x000002426b23dea0 Uncommon trap: trap_request=0xffffffc6 fr.pc=0x0000024207b299a4 relative=0x0000000000000ba4
Event: 2.695 Thread 0x000002426b23dea0 Uncommon trap: reason=bimorphic_or_optimized_type_check action=maybe_recompile pc=0x0000024207b299a4 method=java.util.HashMap.putVal(ILjava/lang/Object;Ljava/lang/Object;ZZ)Ljava/lang/Object; @ 56 c2
Event: 2.695 Thread 0x000002426b23dea0 DEOPT PACKING pc=0x0000024207b299a4 sp=0x000000ea75cfdad0
Event: 2.695 Thread 0x000002426b23dea0 DEOPT UNPACKING pc=0x0000024207641c82 sp=0x000000ea75cfda38 mode 2
Event: 2.695 Thread 0x000002426b23dea0 Uncommon trap: trap_request=0xffffffc6 fr.pc=0x0000024207b299a4 relative=0x0000000000000ba4
Event: 2.695 Thread 0x000002426b23dea0 Uncommon trap: reason=bimorphic_or_optimized_type_check action=maybe_recompile pc=0x0000024207b299a4 method=java.util.HashMap.putVal(ILjava/lang/Object;Ljava/lang/Object;ZZ)Ljava/lang/Object; @ 56 c2
Event: 2.695 Thread 0x000002426b23dea0 DEOPT PACKING pc=0x0000024207b299a4 sp=0x000000ea75cfdad0
Event: 2.695 Thread 0x000002426b23dea0 DEOPT UNPACKING pc=0x0000024207641c82 sp=0x000000ea75cfda38 mode 2
Event: 2.695 Thread 0x000002426b23dea0 Uncommon trap: trap_request=0xffffffc6 fr.pc=0x0000024207b299a4 relative=0x0000000000000ba4
Event: 2.695 Thread 0x000002426b23dea0 Uncommon trap: reason=bimorphic_or_optimized_type_check action=maybe_recompile pc=0x0000024207b299a4 method=java.util.HashMap.putVal(ILjava/lang/Object;Ljava/lang/Object;ZZ)Ljava/lang/Object; @ 56 c2
Event: 2.695 Thread 0x000002426b23dea0 DEOPT PACKING pc=0x0000024207b299a4 sp=0x000000ea75cfdad0
Event: 2.695 Thread 0x000002426b23dea0 DEOPT UNPACKING pc=0x0000024207641c82 sp=0x000000ea75cfda38 mode 2
Event: 2.695 Thread 0x000002426b23dea0 Uncommon trap: trap_request=0xffffffc6 fr.pc=0x0000024207b299a4 relative=0x0000000000000ba4
Event: 2.695 Thread 0x000002426b23dea0 Uncommon trap: reason=bimorphic_or_optimized_type_check action=maybe_recompile pc=0x0000024207b299a4 method=java.util.HashMap.putVal(ILjava/lang/Object;Ljava/lang/Object;ZZ)Ljava/lang/Object; @ 56 c2
Event: 2.695 Thread 0x000002426b23dea0 DEOPT PACKING pc=0x0000024207b299a4 sp=0x000000ea75cfdad0
Event: 2.695 Thread 0x000002426b23dea0 DEOPT UNPACKING pc=0x0000024207641c82 sp=0x000000ea75cfda38 mode 2

Classes loaded (20 events):
Event: 2.731 Loading class io/cucumber/core/internal/com/fasterxml/jackson/core/ObjectCodec
Event: 2.731 Loading class io/cucumber/core/internal/com/fasterxml/jackson/core/ObjectCodec done
Event: 2.733 Loading class io/cucumber/core/internal/com/fasterxml/jackson/core/TreeCodec
Event: 2.733 Loading class io/cucumber/core/internal/com/fasterxml/jackson/core/TreeCodec done
Event: 2.738 Loading class io/cucumber/core/internal/com/fasterxml/jackson/core/JsonFactory
Event: 2.738 Loading class io/cucumber/core/internal/com/fasterxml/jackson/core/JsonFactory done
Event: 2.742 Loading class io/cucumber/core/internal/com/fasterxml/jackson/core/TokenStreamFactory
Event: 2.742 Loading class io/cucumber/core/internal/com/fasterxml/jackson/core/TokenStreamFactory done
Event: 2.744 Loading class io/cucumber/core/internal/com/fasterxml/jackson/databind/MappingJsonFactory
Event: 2.744 Loading class io/cucumber/core/internal/com/fasterxml/jackson/databind/MappingJsonFactory done
Event: 2.746 Loading class io/cucumber/core/internal/com/fasterxml/jackson/databind/jsontype/SubtypeResolver
Event: 2.746 Loading class io/cucumber/core/internal/com/fasterxml/jackson/databind/jsontype/SubtypeResolver done
Event: 2.747 Loading class io/cucumber/core/internal/com/fasterxml/jackson/databind/jsontype/impl/StdSubtypeResolver
Event: 2.747 Loading class io/cucumber/core/internal/com/fasterxml/jackson/databind/jsontype/impl/StdSubtypeResolver done
Event: 2.750 Loading class io/cucumber/core/internal/com/fasterxml/jackson/databind/ser/DefaultSerializerProvider
Event: 2.750 Loading class io/cucumber/core/internal/com/fasterxml/jackson/databind/ser/DefaultSerializerProvider done
Event: 2.752 Loading class io/cucumber/core/internal/com/fasterxml/jackson/databind/SerializerProvider
Event: 2.752 Loading class io/cucumber/core/internal/com/fasterxml/jackson/databind/SerializerProvider done
Event: 2.755 Loading class io/cucumber/core/internal/com/fasterxml/jackson/databind/DatabindContext
Event: 2.755 Loading class io/cucumber/core/internal/com/fasterxml/jackson/databind/DatabindContext done

Classes unloaded (0 events):
No events

Classes redefined (1 events):
Event: 0.601 Thread 0x0000024277413ae0 redefined class name=java.lang.Throwable, count=1

Internal exceptions (20 events):
Event: 1.832 Thread 0x0000024277423250 Exception <a 'java/lang/NoSuchMethodError'{0x00000000c5681d28}: 'java.lang.Object java.lang.invoke.DirectMethodHandle$Holder.invokeStaticInit(java.lang.Object, int, int, int, int)'> (0x00000000c5681d28) 
thrown [s\open\src\hotspot\share\interpreter\linkResolver.cpp, line 805]
Event: 1.875 Thread 0x0000024277423250 Exception <a 'java/lang/NoSuchMethodError'{0x00000000c56f63e0}: 'java.lang.Object java.lang.invoke.DirectMethodHandle$Holder.invokeStaticInit(java.lang.Object, java.lang.Object, int, int, int, int)'> (0x00000000c56f63e0) 
thrown [s\open\src\hotspot\share\interpreter\linkResolver.cpp, line 805]
Event: 2.022 Thread 0x000002426b23dea0 Exception <a 'java/lang/NoSuchMethodError'{0x00000000c55b4048}: 'java.lang.Object java.lang.invoke.DirectMethodHandle$Holder.newInvokeSpecial(java.lang.Object, java.lang.Object, java.lang.Object, java.lang.Object, java.lang.Object, java.lang.Object)'> (0x00000000c55b4048) 
thrown [s\open\src\hotspot\share\interpreter\linkResolver.cpp, line 805]
Event: 2.027 Thread 0x000002426b23dea0 Exception <a 'java/lang/NoSuchMethodError'{0x00000000c55c5970}: 'void java.lang.invoke.DirectMethodHandle$Holder.invokeStaticInit(java.lang.Object)'> (0x00000000c55c5970) 
thrown [s\open\src\hotspot\share\interpreter\linkResolver.cpp, line 805]
Event: 2.037 Thread 0x0000024277423250 Exception <a 'java/lang/ClassNotFoundException'{0x00000000c553c890}: javax/management/remote/rmi/RMIServerImpl_Skel> (0x00000000c553c890) 
thrown [s\open\src\hotspot\share\classfile\systemDictionary.cpp, line 327]
Event: 2.071 Thread 0x0000024277423250 Exception <a 'java/lang/NoSuchMethodError'{0x00000000c5411080}: 'long java.lang.invoke.DirectMethodHandle$Holder.invokeSpecial(java.lang.Object, java.lang.Object)'> (0x00000000c5411080) 
thrown [s\open\src\hotspot\share\interpreter\linkResolver.cpp, line 805]
Event: 2.072 Thread 0x0000024277423250 Exception <a 'java/lang/NoSuchMethodError'{0x00000000c5418f58}: 'long java.lang.invoke.Invokers$Holder.invokeExact_MT(java.lang.Object, java.lang.Object)'> (0x00000000c5418f58) 
thrown [s\open\src\hotspot\share\interpreter\linkResolver.cpp, line 805]
Event: 2.099 Thread 0x000002426b23dea0 Exception <a 'java/lang/NoSuchMethodError'{0x00000000c55ed058}: 'java.lang.Object java.lang.invoke.DirectMethodHandle$Holder.newInvokeSpecial(java.lang.Object, java.lang.Object, java.lang.Object, java.lang.Object, java.lang.Object, java.lang.Object, java.lang.Object)'> (0x00000000c55ed058) 
thrown [s\open\src\hotspot\share\interpreter\linkResolver.cpp, line 805]
Event: 2.116 Thread 0x000002426b23dea0 Exception <a 'java/lang/NoSuchMethodError'{0x00000000c5490130}: 'java.lang.Object java.lang.invoke.DirectMethodHandle$Holder.invokeSpecialIFC(java.lang.Object, java.lang.Object, java.lang.Object, java.lang.Object, java.lang.Object)'> (0x00000000c5490130) 
thrown [s\open\src\hotspot\share\interpreter\linkResolver.cpp, line 805]
Event: 2.224 Thread 0x0000024277423250 Implicit null exception at 0x0000024207b2e7d6 to 0x0000024207b2e876
Event: 2.225 Thread 0x0000024277423250 Implicit null exception at 0x0000024207aeae9d to 0x0000024207aeaf19
Event: 2.352 Thread 0x0000024277423250 Exception <a 'java/lang/NoSuchMethodError'{0x00000000c50dff48}: 'long java.lang.invoke.DirectMethodHandle$Holder.invokeVirtual(java.lang.Object, java.lang.Object)'> (0x00000000c50dff48) 
thrown [s\open\src\hotspot\share\interpreter\linkResolver.cpp, line 805]
Event: 2.580 Thread 0x0000024277423250 Exception <a 'java/lang/NoSuchMethodError'{0x00000000c4a32048}: 'void java.lang.invoke.DirectMethodHandle$Holder.invokeSpecial(java.lang.Object, java.lang.Object, int)'> (0x00000000c4a32048) 
thrown [s\open\src\hotspot\share\interpreter\linkResolver.cpp, line 805]
Event: 2.581 Thread 0x0000024277423250 Exception <a 'java/lang/NoSuchMethodError'{0x00000000c4a39c88}: 'void java.lang.invoke.Invokers$Holder.invokeExact_MT(java.lang.Object, int, java.lang.Object)'> (0x00000000c4a39c88) 
thrown [s\open\src\hotspot\share\interpreter\linkResolver.cpp, line 805]
Event: 2.586 Thread 0x0000024277423250 Exception <a 'java/lang/NoSuchMethodError'{0x00000000c4a55b68}: 'void java.lang.invoke.DirectMethodHandle$Holder.invokeStatic(java.lang.Object, java.lang.Object, int)'> (0x00000000c4a55b68) 
thrown [s\open\src\hotspot\share\interpreter\linkResolver.cpp, line 805]
Event: 2.587 Thread 0x0000024277423250 Exception <a 'java/lang/NoSuchMethodError'{0x00000000c4aaee20}: 'java.lang.Object java.lang.invoke.DirectMethodHandle$Holder.newInvokeSpecial(java.lang.Object, java.lang.Object, int)'> (0x00000000c4aaee20) 
thrown [s\open\src\hotspot\share\interpreter\linkResolver.cpp, line 805]
Event: 2.597 Thread 0x0000024277423250 Exception <a 'sun/nio/fs/WindowsException'{0x00000000c4aee038}> (0x00000000c4aee038) 
thrown [s\open\src\hotspot\share\prims\jni.cpp, line 518]
Event: 2.602 Thread 0x0000024277423250 Exception <a 'sun/nio/fs/WindowsException'{0x00000000c4afc650}> (0x00000000c4afc650) 
thrown [s\open\src\hotspot\share\prims\jni.cpp, line 518]
Event: 2.609 Thread 0x0000024277423250 Exception <a 'sun/nio/fs/WindowsException'{0x00000000c4932770}> (0x00000000c4932770) 
thrown [s\open\src\hotspot\share\prims\jni.cpp, line 518]
Event: 2.709 Thread 0x000002426b23dea0 Exception <a 'sun/nio/fs/WindowsException'{0x00000000c46b8288}> (0x00000000c46b8288) 
thrown [s\open\src\hotspot\share\prims\jni.cpp, line 518]

VM Operations (20 events):
Event: 1.036 Executing VM operation: HandshakeAllThreads (Deoptimize)
Event: 1.037 Executing VM operation: HandshakeAllThreads (Deoptimize) done
Event: 1.150 Executing VM operation: HandshakeAllThreads (Deoptimize)
Event: 1.150 Executing VM operation: HandshakeAllThreads (Deoptimize) done
Event: 1.699 Executing VM operation: HandshakeAllThreads (Deoptimize)
Event: 1.699 Executing VM operation: HandshakeAllThreads (Deoptimize) done
Event: 1.714 Executing VM operation: G1CollectForAllocation (G1 Evacuation Pause)
Event: 1.734 Executing VM operation: G1CollectForAllocation (G1 Evacuation Pause) done
Event: 1.736 Executing VM operation: HandshakeAllThreads (Deoptimize)
Event: 1.736 Executing VM operation: HandshakeAllThreads (Deoptimize) done
Event: 1.755 Executing VM operation: HandshakeAllThreads (Deoptimize)
Event: 1.758 Executing VM operation: HandshakeAllThreads (Deoptimize) done
Event: 2.132 Executing VM operation: HandshakeAllThreads (Deoptimize)
Event: 2.132 Executing VM operation: HandshakeAllThreads (Deoptimize) done
Event: 2.133 Executing VM operation: HandshakeAllThreads (Deoptimize)
Event: 2.133 Executing VM operation: HandshakeAllThreads (Deoptimize) done
Event: 2.590 Executing VM operation: HandshakeAllThreads (Deoptimize)
Event: 2.591 Executing VM operation: HandshakeAllThreads (Deoptimize) done
Event: 2.671 Executing VM operation: JFRSafepointClear
Event: 2.672 Executing VM operation: JFRSafepointClear done

Memory protections (0 events):
No events

Nmethod flushes (0 events):
No events

Events (19 events):
Event: 0.135 Thread 0x000002426b23dea0 Thread added: 0x000002426b23dea0
Event: 0.156 Thread 0x000002426b23dea0 Thread added: 0x0000024277418410
Event: 0.157 Thread 0x000002426b23dea0 Thread added: 0x000002427741f350
Event: 0.157 Thread 0x000002426b23dea0 Thread added: 0x0000024277420490
Event: 0.158 Thread 0x000002426b23dea0 Thread added: 0x0000024277423250
Event: 0.158 Thread 0x000002426b23dea0 Thread added: 0x0000024277426da0
Event: 0.158 Thread 0x000002426b23dea0 Thread added: 0x00000242774278d0
Event: 0.158 Thread 0x000002426b23dea0 Thread added: 0x0000024277428730
Event: 0.159 Thread 0x000002426b23dea0 Thread added: 0x0000024277438bc0
Event: 0.483 Thread 0x000002426b23dea0 Thread added: 0x00000242541612e0
Event: 0.605 Thread 0x000002426b23dea0 Thread added: 0x00000242542a7f20
Event: 0.692 Thread 0x000002426b23dea0 Thread added: 0x00000242545f1ef0
Event: 0.692 Thread 0x000002426b23dea0 Thread added: 0x000002425460c530
Event: 0.812 Thread 0x0000024277438bc0 Thread added: 0x00000242547b45a0
Event: 1.771 Thread 0x00000242547b45a0 Thread exited: 0x00000242547b45a0
Event: 1.883 Thread 0x0000024277438bc0 Thread added: 0x0000024255246b30
Event: 2.056 Thread 0x0000024277423250 Thread added: 0x000002425552b5a0
Event: 2.246 Thread 0x0000024277423250 Thread added: 0x00000242552ab1f0
Event: 2.589 Thread 0x0000024277423250 Thread added: 0x00000242552ac7e0


Dynamic libraries:
0x00007ff6d9740000 - 0x00007ff6d974e000 	C:\Users\Dell\.jdks\openjdk-24.0.1\bin\java.exe
0x00007ffdb2fe0000 - 0x00007ffdb31d0000 	C:\Windows\SYSTEM32\ntdll.dll
0x00007ffdb1af0000 - 0x00007ffdb1ba2000 	C:\Windows\System32\KERNEL32.DLL
0x00007ffdb0110000 - 0x00007ffdb03b3000 	C:\Windows\System32\KERNELBASE.dll
0x00007ffdb0750000 - 0x00007ffdb084a000 	C:\Windows\System32\ucrtbase.dll
0x00007ffda3f90000 - 0x00007ffda3fab000 	C:\Users\Dell\.jdks\openjdk-24.0.1\bin\VCRUNTIME140.dll
0x00007ffdacb60000 - 0x00007ffdacb76000 	C:\Users\Dell\.jdks\openjdk-24.0.1\bin\jli.dll
0x00007ffdb1d50000 - 0x00007ffdb1ee3000 	C:\Windows\System32\USER32.dll
0x00007ffda7bd0000 - 0x00007ffda7e55000 	C:\Windows\WinSxS\amd64_microsoft.windows.common-controls_6595b64144ccf1df_6.0.18362.175_none_e6c3ab1f131014c9\COMCTL32.dll
0x00007ffdb0850000 - 0x00007ffdb0871000 	C:\Windows\System32\win32u.dll
0x00007ffdb2830000 - 0x00007ffdb28ce000 	C:\Windows\System32\msvcrt.dll
0x00007ffdb21c0000 - 0x00007ffdb21e6000 	C:\Windows\System32\GDI32.dll
0x00007ffdb10a0000 - 0x00007ffdb13d6000 	C:\Windows\System32\combase.dll
0x00007ffdaff70000 - 0x00007ffdb0104000 	C:\Windows\System32\gdi32full.dll
0x00007ffdb2950000 - 0x00007ffdb2a70000 	C:\Windows\System32\RPCRT4.dll
0x00007ffdb0880000 - 0x00007ffdb091e000 	C:\Windows\System32\msvcp_win.dll
0x00007ffdb0470000 - 0x00007ffdb04f1000 	C:\Windows\System32\bcryptPrimitives.dll
0x00007ffdb1ac0000 - 0x00007ffdb1aee000 	C:\Windows\System32\IMM32.DLL
0x00007ffdacb90000 - 0x00007ffdacb9c000 	C:\Users\Dell\.jdks\openjdk-24.0.1\bin\vcruntime140_1.dll
0x00007ffd95340000 - 0x00007ffd953ce000 	C:\Users\Dell\.jdks\openjdk-24.0.1\bin\msvcp140.dll
0x00007ffd74270000 - 0x00007ffd75012000 	C:\Users\Dell\.jdks\openjdk-24.0.1\bin\server\jvm.dll
0x00007ffdb2b90000 - 0x00007ffdb2c33000 	C:\Windows\System32\ADVAPI32.dll
0x00007ffdb2a70000 - 0x00007ffdb2b07000 	C:\Windows\System32\sechost.dll
0x00007ffdaff00000 - 0x00007ffdaff4a000 	C:\Windows\System32\POWRPROF.dll
0x00007ffdafeb0000 - 0x00007ffdafec0000 	C:\Windows\System32\UMPDC.dll
0x00007ffdb2c40000 - 0x00007ffdb2caf000 	C:\Windows\System32\WS2_32.dll
0x00007ffda86f0000 - 0x00007ffda86fa000 	C:\Windows\SYSTEM32\VERSION.dll
0x00007ffdab750000 - 0x00007ffdab774000 	C:\Windows\SYSTEM32\WINMM.dll
0x00007ffdab4b0000 - 0x00007ffdab4dd000 	C:\Windows\SYSTEM32\winmmbase.dll
0x00007ffdb0560000 - 0x00007ffdb05aa000 	C:\Windows\System32\cfgmgr32.dll
0x00007ffdafee0000 - 0x00007ffdafef1000 	C:\Windows\System32\kernel.appcore.dll
0x00007ffdac230000 - 0x00007ffdac23a000 	C:\Users\Dell\.jdks\openjdk-24.0.1\bin\jimage.dll
0x00007ffd9d990000 - 0x00007ffd9db84000 	C:\Windows\SYSTEM32\DBGHELP.DLL
0x00007ffd9d200000 - 0x00007ffd9d22a000 	C:\Windows\SYSTEM32\dbgcore.DLL
0x00007ffdabd40000 - 0x00007ffdabd4f000 	C:\Users\Dell\.jdks\openjdk-24.0.1\bin\instrument.dll
0x00007ffda3f50000 - 0x00007ffda3f6e000 	C:\Users\Dell\.jdks\openjdk-24.0.1\bin\java.dll
0x00007ffdb26d0000 - 0x00007ffdb2826000 	C:\Windows\System32\ole32.dll
0x00007ffdb13e0000 - 0x00007ffdb1ac0000 	C:\Windows\System32\SHELL32.dll
0x00007ffdb2110000 - 0x00007ffdb21b9000 	C:\Windows\System32\shcore.dll
0x00007ffdb0920000 - 0x00007ffdb109b000 	C:\Windows\System32\windows.storage.dll
0x00007ffdaff50000 - 0x00007ffdaff6f000 	C:\Windows\System32\profapi.dll
0x00007ffdb1cf0000 - 0x00007ffdb1d42000 	C:\Windows\System32\shlwapi.dll
0x00007ffdb0700000 - 0x00007ffdb0717000 	C:\Windows\System32\cryptsp.dll
0x00007ffd9f260000 - 0x00007ffd9f277000 	C:\Users\Dell\.jdks\openjdk-24.0.1\bin\zip.dll
0x00007ffd942f0000 - 0x00007ffd943c7000 	C:\Users\Dell\.jdks\openjdk-24.0.1\bin\jsvml.dll
0x00007ffd9fc80000 - 0x00007ffd9fc90000 	C:\Users\Dell\.jdks\openjdk-24.0.1\bin\net.dll
0x00007ffdaf720000 - 0x00007ffdaf787000 	C:\Windows\system32\mswsock.dll
0x00007ffd9f240000 - 0x00007ffd9f256000 	C:\Users\Dell\.jdks\openjdk-24.0.1\bin\nio.dll
0x00007ffd9f230000 - 0x00007ffd9f240000 	C:\Users\Dell\.jdks\openjdk-24.0.1\bin\verify.dll
0x00007ffd9f220000 - 0x00007ffd9f229000 	C:\Users\Dell\.jdks\openjdk-24.0.1\bin\extnet.dll
0x00007ffdaf4c0000 - 0x00007ffdaf58a000 	C:\Windows\SYSTEM32\DNSAPI.dll
0x00007ffdb2930000 - 0x00007ffdb2938000 	C:\Windows\System32\NSI.dll
0x00007ffdaf480000 - 0x00007ffdaf4ba000 	C:\Windows\SYSTEM32\IPHLPAPI.DLL
0x00007ffda2ee0000 - 0x00007ffda2eea000 	C:\Windows\System32\rasadhlp.dll
0x00007ffdaa2d0000 - 0x00007ffdaa347000 	C:\Windows\System32\fwpuclnt.dll
0x00007ffdb0720000 - 0x00007ffdb0746000 	C:\Windows\System32\bcrypt.dll
0x00007ffd9f1f0000 - 0x00007ffd9f1fa000 	C:\Users\Dell\.jdks\openjdk-24.0.1\bin\management.dll
0x00007ffd9f1e0000 - 0x00007ffd9f1eb000 	C:\Users\Dell\.jdks\openjdk-24.0.1\bin\management_ext.dll
0x00007ffdb1bb0000 - 0x00007ffdb1bb8000 	C:\Windows\System32\PSAPI.DLL
0x00007ffdaf2e0000 - 0x00007ffdaf313000 	C:\Windows\system32\rsaenh.dll
0x00007ffdafda0000 - 0x00007ffdafdc5000 	C:\Windows\SYSTEM32\USERENV.dll
0x00007ffdaf8f0000 - 0x00007ffdaf8fc000 	C:\Windows\SYSTEM32\CRYPTBASE.dll
0x00007ffdab860000 - 0x00007ffdab876000 	C:\Windows\system32\napinsp.dll
0x00007ffdab840000 - 0x00007ffdab85a000 	C:\Windows\system32\pnrpnsp.dll
0x00007ffda4050000 - 0x00007ffda405e000 	C:\Windows\System32\winrnr.dll
0x00007ffdacb10000 - 0x00007ffdacb2c000 	C:\Windows\system32\NLAapi.dll
0x00007ffd99e80000 - 0x00007ffd99e95000 	C:\Windows\system32\wshbth.dll
0x00007ffd85af0000 - 0x00007ffd85ce8000 	C:\Users\Dell\AppData\Local\Temp\idea_libasyncProfiler_dll_temp_folder\libasyncProfiler.dll

JVMTI agents:
C:\Users\Dell\AppData\Local\JetBrains\IntelliJIdea2025.1\captureAgent\debugger-agent.jar path:C:\Users\Dell\.jdks\openjdk-24.0.1\bin\instrument.dll, loaded, initialized, instrumentlib options:file:///C:/Users/Dell/AppData/Local/Temp/capture7356832512302604316.props
C:\Program Files\JetBrains\IntelliJ IDEA 2025.1.2\lib\idea_rt.jar path:C:\Users\Dell\.jdks\openjdk-24.0.1\bin\instrument.dll, loaded, initialized, instrumentlib options:58916

dbghelp: loaded successfully - version: 4.0.5 - missing functions: none
symbol engine: initialized successfully - sym options: 0x614 - pdb path: .;C:\Users\Dell\.jdks\openjdk-24.0.1\bin;C:\Windows\SYSTEM32;C:\Windows\WinSxS\amd64_microsoft.windows.common-controls_6595b64144ccf1df_6.0.18362.175_none_e6c3ab1f131014c9;C:\Users\Dell\.jdks\openjdk-24.0.1\bin\server;C:\Users\Dell\AppData\Local\Temp\idea_libasyncProfiler_dll_temp_folder

VM Arguments:
jvm_args: -javaagent:C:\Users\Dell\AppData\Local\JetBrains\IntelliJIdea2025.1\captureAgent\debugger-agent.jar=file:///C:/Users/Dell/AppData/Local/Temp/capture7356832512302604316.props -ea -Didea.test.cyclic.buffer.size=1048576 -javaagent:C:\Program Files\JetBrains\IntelliJ IDEA 2025.1.2\lib\idea_rt.jar=58916 -Dkotlinx.coroutines.debug.enable.creation.stack.trace=false -Ddebugger.agent.enable.coroutines=true -Dkotlinx.coroutines.debug.enable.flows.stack.trace=true -Dkotlinx.coroutines.debug.enable.mutable.state.flows.stack.trace=true -Dfile.encoding=UTF-8 -Dsun.stdout.encoding=UTF-8 -Dsun.stderr.encoding=UTF-8 
java_command: com.intellij.rt.junit.JUnitStarter -ideVersion5 -junit4 runners.TestRunner
java_class_path (initial): C:\Program Files\JetBrains\IntelliJ IDEA 2025.1.2\lib\idea_rt.jar;C:\Program Files\JetBrains\IntelliJ IDEA 2025.1.2\plugins\junit\lib\junit5-rt.jar;C:\Program Files\JetBrains\IntelliJ IDEA 2025.1.2\plugins\junit\lib\junit-rt.jar;C:\Users\Dell\IdeaProjects\signup-flow-automation\target\test-classes;C:\Users\Dell\IdeaProjects\signup-flow-automation\target\classes;C:\Users\Dell\.m2\repository\junit\junit\4.13.2\junit-4.13.2.jar;C:\Users\Dell\.m2\repository\org\hamcrest\hamcrest-core\1.3\hamcrest-core-1.3.jar;C:\Users\Dell\.m2\repository\org\seleniumhq\selenium\selenium-java\4.20.0\selenium-java-4.20.0.jar;C:\Users\Dell\.m2\repository\org\seleniumhq\selenium\selenium-api\4.20.0\selenium-api-4.20.0.jar;C:\Users\Dell\.m2\repository\org\seleniumhq\selenium\selenium-chrome-driver\4.20.0\selenium-chrome-driver-4.20.0.jar;C:\Users\Dell\.m2\repository\com\google\auto\service\auto-service-annotations\1.1.1\auto-service-annotations-1.1.1.jar;C:\Users\Dell\.m2\repository\org\seleniumhq\selenium\selenium-chromium-driver\4.20.0\selenium-chromium-driver-4.20.0.jar;C:\Users\Dell\.m2\repository\org\seleniumhq\selenium\selenium-json\4.20.0\selenium-json-4.20.0.jar;C:\Users\Dell\.m2\repository\org\seleniumhq\selenium\selenium-manager\4.20.0\selenium-manager-4.20.0.jar;C:\Users\Dell\.m2\repository\org\seleniumhq\selenium\selenium-devtools-v122\4.20.0\selenium-devtools-v122-4.20.0.jar;C:\Users\Dell\.m2\repository\org\seleniumhq\selenium\selenium-devtools-v123\4.20.0\selenium-devtools-v123-4.20.0.jar;C:\Users\Dell\.m2\repository\org\seleniumhq\selenium\selenium-devtools-v124\4.20.0\selenium-devtools-v124-4.20.0.jar;C:\Users\Dell\.m2\repository\org\seleniumhq\selenium\selenium-devtools-v85\4.20.0\selenium-devtools-v85-4.20.0.jar;C:\Users\Dell\.m2\repository\org\seleniumhq\selenium\selenium-edge-driver\4.20.0\selenium-edge-driver-4.20.0.jar;C:\Users\Dell\.m2\repository\org\seleniumhq\selenium\selenium-firefox-driver\4.20.0\selenium-firefox-driver-4.20.0.jar;C:\Users\Dell\.m2\repository\org\seleniumhq\selenium\selenium-http\4.20.0\selenium-http-4.20.0.jar;C:\Users\Dell\.m2\repository\dev\failsafe\failsafe\3.3.2\failsafe-3.3.2.jar;C:\Users\Dell\.m2\repository\org\seleniumhq\selenium\selenium-ie-driver\4.20.0\selenium-ie-driver-4.20.0.jar;C:\Users\Dell\.m2\repository\org\seleniumhq\selenium\selenium-remote-driver\4.20.0\selenium-remote-driver-4.20.0.jar;C:\Users\Dell\.m2\repository\com\google\guava\guava\33.1.0-jre\guava-33.1.0-jre.jar;C:\Users\Dell\.m2\repository\com\google\guava\failureaccess\1.0.2\failureaccess-1.0.2.jar;C:\Users\Dell\.m2\repository\com\google\guava\listenablefuture\9999.0-empty-to-avoid-conflict-with-guava\listenablefuture-9999.0-empty-to-avoid-conflict-with-guava.jar;C:\Users\Dell\.m2\repository\com\google\code\findbugs\jsr305\3.0.2\jsr305-3.0.2.jar;C:\Users\Dell\.m2\repository\org\checkerframework\checker-qual\3.42.0\checker-qual-3.42.0.jar;C:\Users\Dell\.m2\repository\com\google\errorprone\error_prone_annotations\2.26.1\error_prone_annotations-2.26.1.jar;C:\Users\Dell\.m2\repository\com\google\j2objc\j2objc-annotations\3.0.0\j2objc-annotations-3.0.0.jar;C:\Users\Dell\.m2\repository\io\opentelemetry\semconv\opentelemetry-semconv\1.25.0-alpha\opentelemetry-semconv-1.25.0-alpha.jar;C:\Users\Dell\.m2\repository\io\opentelemetry\opentelemetry-api\1.37.0\opentelemetry-api-1.37.0.jar;C:\Users\Dell\.m2\repository\io\opentelemetry\opentelemetry-context\1.37.0\opentelemetry-context-1.37.0.jar;C:\Users\Dell\.m2\repository\io\opentelemetry\opentelemetry-exporter-logging\1.37.0\opentelemetry-exporter-logging-1.37.0.jar;C:\Users\Dell\.m2\repository\io\opentelemetry\opentelemetry-sdk-common\1.37.0\opentelemetry-sdk-common-1.37.0.jar;C:\Users\Dell\.m2\repository\io\opentelemetry\opentelemetry-sdk-extension-autoconfigure-spi\1.37.0\opentelemetry-sdk-extension-autoconfigure-spi-1.37.0.jar;C:\Users\Dell\.m2\repository\io\opentelemetry\opentelemetry-sdk-extension-autoconfigure\1.37.0\opentelemetry-sdk-extension-autoconfigure-1.37.0.jar;C:\Users\Dell\.m2\repository\io\opentelemetry\opentelemetry-api-incubator\1.37.0-alpha\opentelemetry-api-incubator-1.37.0-alpha.jar;C:\Users\Dell\.m2\repository\io\opentelemetry\opentelemetry-sdk-trace\1.37.0\opentelemetry-sdk-trace-1.37.0.jar;C:\Users\Dell\.m2\repository\io\opentelemetry\opentelemetry-sdk\1.37.0\opentelemetry-sdk-1.37.0.jar;C:\Users\Dell\.m2\repository\io\opentelemetry\opentelemetry-sdk-metrics\1.37.0\opentelemetry-sdk-metrics-1.37.0.jar;C:\Users\Dell\.m2\repository\io\opentelemetry\opentelemetry-sdk-logs\1.37.0\opentelemetry-sdk-logs-1.37.0.jar;C:\Users\Dell\.m2\repository\net\bytebuddy\byte-buddy\1.14.14\byte-buddy-1.14.14.jar;C:\Users\Dell\.m2\repository\org\seleniumhq\selenium\selenium-os\4.20.0\selenium-os-4.20.0.jar;C:\Users\Dell\.m2\repository\org\apache\commons\commons-exec\1.4.0\commons-exec-1.4.0.jar;C:\Users\Dell\.m2\repository\org\seleniumhq\selenium\selenium-safari-driver\4.20.0\selenium-safari-driver-4.20.0.jar;C:\Users\Dell\.m2\repository\org\seleniumhq\selenium\selenium-support\4.20.0\selenium-support-4.20.0.jar;C:\Users\Dell\.m2\repository\io\cucumber\cucumber-java\7.14.0\cucumber-java-7.14.0.jar;C:\Users\Dell\.m2\repository\io\cucumber\cucumber-core\7.14.0\cucumber-core-7.14.0.jar;C:\Users\Dell\.m2\repository\io\cucumber\cucumber-gherkin\7.14.0\cucumber-gherkin-7.14.0.jar;C:\Users\Dell\.m2\repository\io\cucumber\cucumber-gherkin-messages\7.14.0\cucumber-gherkin-messages-7.14.0.jar;C:\Users\Dell\.m2\repository\io\cucumber\gherkin\26.2.0\gherkin-26.2.0.jar;C:\Users\Dell\.m2\repository\io\cucumber\messages\22.0.0\messages-22.0.0.jar;C:\Users\Dell\.m2\repository\io\cucumber\tag-expressions\5.0.6\tag-expressions-5.0.6.jar;C:\Users\Dell\.m2\repository\io\cucumber\cucumber-expressions\16.1.2\cucumber-expressions-16.1.2.jar;C:\Users\Dell\.m2\repository\io\cucumber\datatable\7.14.0\datatable-7.14.0.jar;C:\Users\Dell\.m2\repository\io\cucumber\cucumber-plugin\7.14.0\cucumber-plugin-7.14.0.jar;C:\Users\Dell\.m2\repository\io\cucumber\docstring\7.14.0\docstring-7.14.0.jar;C:\Users\Dell\.m2\repository\io\cucumber\html-formatter\20.4.0\html-formatter-20.4.0.jar;C:\Users\Dell\.m2\repository\io\cucumber\junit-xml-formatter\0.2.0\junit-xml-formatter-0.2.0.jar;C:\Users\Dell\.m2\repository\io\cucumber\ci-environment\9.2.0\ci-environment-9.2.0.jar;C:\Users\Dell\.m2\repository\org\apiguardian\apiguardian-api\1.1.2\apiguardian-api-1.1.2.jar;C:\Users\Dell\.m2\repository\io\cucumber\cucumber-junit\7.14.0\cucumber-junit-7.14.0.jar;C:\Users\Dell\.m2\repository\io\github\bonigarcia\webdrivermanager\5.8.0\webdrivermanager-5.8.0.jar;C:\Users\Dell\.m2\repository\org\slf4j\slf4j-api\2.0.12\slf4j-api-2.0.12.jar;C:\Users\Dell\.m2\repository\com\google\code\gson\gson\2.10.1\gson-2.10.1.jar;C:\Users\Dell\.m2\repository\com\github\docker-java\docker-java\3.3.6\docker-java-3.3.6.jar;C:\Users\Dell\.m2\repository\com\github\docker-java\docker-java-core\3.3.6\docker-java-core-3.3.6.jar;C:\Users\Dell\.m2\repository\com\github\docker-java\docker-java-api\3.3.6\docker-java-api-3.3.6.jar;C:\Users\Dell\.m2\repository\com\fasterxml\jackson\core\jackson-annotations\2.10.3\jackson-annotations-2.10.3.jar;C:\Users\Dell\.m2\repository\com\fasterxml\jackson\core\jackson-databind\2.10.3\jackson-databind-2.10.3.jar;C:\Users\Dell\.m2\repository\com\fasterxml\jackson\core\jackson-core\2.10.3\jackson-core-2.10.3.jar;C:\Users\Dell\.m2\repository\org\bouncycastle\bcpkix-jdk18on\1.76\bcpkix-jdk18on-1.76.jar;C:\Users\Dell\.m2\repository\org\bouncycastle\bcprov-jdk18on\1.76\bcprov-jdk18on-1.76.jar;C:\Users\Dell\.m2\repository\org\bouncycastle\bcutil-jdk18on\1.76\bcutil-jdk18on-1.76.jar;C:\Users\Dell\.m2\repository\org\slf4j\jcl-over-slf4j\1.7.30\jcl-over-slf4j-1.7.30.jar;C:\Users\Dell\.m2\repository\com\github\docker-java\docker-java-transport-httpclient5\3.3.6\docker-java-transport-httpclient5-3.3.6.jar;C:\Users\Dell\.m2\repository\com\github\docker-java\docker-java-transport\3.3.6\docker-java-transport-3.3.6.jar;C:\Users\Dell\.m2\repository\net\java\dev\jna\jna\5.13.0\jna-5.13.0.jar;C:\Users\Dell\.m2\repository\org\brotli\dec\0.1.2\dec-0.1.2.jar;C:\Users\Dell\.m2\repository\org\apache\commons\commons-lang3\3.14.0\commons-lang3-3.14.0.jar;C:\Users\Dell\.m2\repository\org\apache\commons\commons-compress\1.26.1\commons-compress-1.26.1.jar;C:\Users\Dell\.m2\repository\commons-codec\commons-codec\1.16.1\commons-codec-1.16.1.jar;C:\Users\Dell\.m2\repository\commons-io\commons-io\2.15.1\commons-io-2.15.1.jar;C:\Users\Dell\.m2\repository\org\apache\httpcomponents\client5\httpclient5\5.2.1\httpclient5-5.2.1.jar;C:\Users\Dell\.m2\repository\org\apache\httpcomponents\core5\httpcore5\5.2\httpcore5-5.2.jar;C:\Users\Dell\.m2\repository\org\apache\httpcomponents\core5\httpcore5-h2\5.2\httpcore5-h2-5.2.jar
Launcher Type: SUN_STANDARD

[Global flags]
     intx CICompilerCount                          = 3                                         {product} {ergonomic}
     uint ConcGCThreads                            = 1                                         {product} {ergonomic}
     bool FlightRecorder                           = true                                      {product} {management}
     uint G1ConcRefinementThreads                  = 4                                         {product} {ergonomic}
   size_t G1HeapRegionSize                         = 1048576                                   {product} {ergonomic}
   size_t InitialHeapSize                          = 67108864                                  {product} {ergonomic}
   size_t MarkStackSize                            = 4194304                                   {product} {ergonomic}
   size_t MarkStackSizeMax                         = 536870912                                 {product} {ergonomic}
   size_t MaxHeapSize                              = 1048576000                                {product} {ergonomic}
   size_t MaxNewSize                               = 629145600                                 {product} {ergonomic}
   size_t MinHeapDeltaBytes                        = 1048576                                   {product} {ergonomic}
   size_t MinHeapSize                              = 8388608                                   {product} {ergonomic}
    uintx NonNMethodCodeHeapSize                   = 5832704                                {pd product} {ergonomic}
    uintx NonProfiledCodeHeapSize                  = 122945536                              {pd product} {ergonomic}
    uintx ProfiledCodeHeapSize                     = 122880000                              {pd product} {ergonomic}
    uintx ReservedCodeCacheSize                    = 251658240                              {pd product} {ergonomic}
     bool SegmentedCodeCache                       = true                                      {product} {ergonomic}
   size_t SoftMaxHeapSize                          = 1048576000                             {manageable} {ergonomic}
     bool UseCompressedOops                        = true                           {product lp64_product} {ergonomic}
     bool UseG1GC                                  = true                                      {product} {ergonomic}
     bool UseLargePagesIndividualAllocation        = false                                  {pd product} {ergonomic}

Logging:
Log output configuration:
 #0: stdout all=warning uptime,level,tags foldmultilines=false
 #1: stderr all=off uptime,level,tags foldmultilines=false

Environment Variables:
PATH=C:\Users\Dell\AppData\Local\Google\Chrome\Application;C:\ProgramData\Oracle\Java\javapath;C:\Windows\system32;C:\Windows;C:\Windows\System32\Wbem;C:\Windows\System32\WindowsPowerShell\v1.0\;C:\Windows\System32\OpenSSH\;C:\Program Files\Git\cmd;C:\Users\Dell\AppData\Local\Microsoft\WindowsApps;
USERNAME=Dell
OS=Windows_NT
PROCESSOR_IDENTIFIER=Intel64 Family 6 Model 69 Stepping 1, GenuineIntel
TMP=C:\Users\Dell\AppData\Local\Temp
TEMP=C:\Users\Dell\AppData\Local\Temp




Periodic native trim disabled

---------------  S Y S T E M  ---------------

OS:
 Windows 10 , 64 bit Build 18362 (10.0.18362.86)
OS uptime: 0 days 20:32 hours

CPU: total 4 (initial active 4) (2 cores per cpu, 2 threads per core) family 6 model 69 stepping 1 microcode 0x24, cx8, cmov, fxsr, ht, mmx, sse, sse2, sse3, ssse3, sse4.1, sse4.2, popcnt, lzcnt, tsc, tscinvbit, avx, avx2, aes, erms, clmul, bmi1, bmi2, fma, vzeroupper, clflush, rdtscp, f16c
Processor Information for the first 4 processors :
  Max Mhz: 1700, Current Mhz: 1700, Mhz Limit: 1700

Memory: 4k page, system-wide physical 3999M (429M free)
TotalPageFile size 14338M (AvailPageFile size 6868M)
current process WorkingSet (physical memory assigned to process): 129M, peak: 129M
current process commit charge ("private bytes"): 213M, peak: 215M

vm_info: OpenJDK 64-Bit Server VM (24.0.1+9-30) for windows-amd64 JRE (24.0.1+9-30), built on 2025-03-05T07:23:45Z with MS VC++ 17.6 (VS2022)

END.
